

============================== 2023-04-22 00:01:45.639659 | bd9580c9-a2c2-4751-a808-e1591fa0ce54 ==============================
[0m00:01:45.639659 [info ] [MainThread]: Running with dbt=1.4.6
[0m00:01:45.641047 [debug] [MainThread]: running dbt with arguments {'write_json': True, 'use_colors': True, 'printer_width': 80, 'version_check': True, 'partial_parse': True, 'static_parser': True, 'profiles_dir': '/home/idowuilekura/.dbt', 'send_anonymous_usage_stats': True, 'quiet': False, 'no_print': False, 'cache_selected_only': False, 'skip_profile_setup': False, 'which': 'init', 'indirect_selection': 'eager'}
[0m00:01:45.641278 [debug] [MainThread]: Tracking: tracking
[0m00:01:45.643642 [debug] [MainThread]: Sending event: {'category': 'dbt', 'action': 'invocation', 'label': 'start', 'context': [<snowplow_tracker.self_describing_json.SelfDescribingJson object at 0x7fc7c983bd30>, <snowplow_tracker.self_describing_json.SelfDescribingJson object at 0x7fc7c9838dc0>, <snowplow_tracker.self_describing_json.SelfDescribingJson object at 0x7fc7c983bbb0>]}
[0m00:01:45.644161 [info ] [MainThread]: Creating dbt configuration folder at /home/idowuilekura/.dbt
[0m00:02:05.206211 [debug] [MainThread]: Starter project path: /home/idowuilekura/.local/lib/python3.10/site-packages/dbt/include/starter_project
[0m00:04:23.646080 [info ] [MainThread]: Profile twitter_analysis_tweepy written to /home/idowuilekura/.dbt/profiles.yml using target's profile_template.yml and your supplied values. Run 'dbt debug' to validate the connection.
[0m00:04:23.646523 [info ] [MainThread]: 
Your new dbt project "twitter_analysis_tweepy" was created!

For more information on how to configure the profiles.yml file,
please consult the dbt documentation here:

  https://docs.getdbt.com/docs/configure-your-profile

One more thing:

Need help? Don't hesitate to reach out to us via GitHub issues or on Slack:

  https://community.getdbt.com/

Happy modeling!

[0m00:04:23.647076 [debug] [MainThread]: Sending event: {'category': 'dbt', 'action': 'invocation', 'label': 'end', 'context': [<snowplow_tracker.self_describing_json.SelfDescribingJson object at 0x7fc7b1ac59f0>, <snowplow_tracker.self_describing_json.SelfDescribingJson object at 0x7fc7b1793340>, <snowplow_tracker.self_describing_json.SelfDescribingJson object at 0x7fc7b1791ea0>]}
[0m00:04:23.647461 [debug] [MainThread]: Flushing usage events


============================== 2023-04-26 01:07:51.792554 | 17c4ee65-4429-4fe7-93e5-3ace17543b2c ==============================
[0m01:07:51.792554 [info ] [MainThread]: Running with dbt=1.4.6
[0m01:07:51.794757 [debug] [MainThread]: running dbt with arguments {'write_json': True, 'use_colors': True, 'printer_width': 80, 'version_check': True, 'partial_parse': True, 'static_parser': True, 'profiles_dir': '/root/.dbt', 'send_anonymous_usage_stats': True, 'quiet': False, 'no_print': False, 'cache_selected_only': False, 'skip_profile_setup': False, 'which': 'init', 'indirect_selection': 'eager'}
[0m01:07:51.794949 [debug] [MainThread]: Tracking: tracking
[0m01:07:51.796819 [debug] [MainThread]: Sending event: {'category': 'dbt', 'action': 'invocation', 'label': 'start', 'context': [<snowplow_tracker.self_describing_json.SelfDescribingJson object at 0x7fe94107f970>, <snowplow_tracker.self_describing_json.SelfDescribingJson object at 0x7fe94107ed70>, <snowplow_tracker.self_describing_json.SelfDescribingJson object at 0x7fe94107f9a0>]}
[0m01:07:51.797298 [info ] [MainThread]: Creating dbt configuration folder at /root/.dbt
[0m01:08:40.001574 [info ] [MainThread]: A project called twitter_analysis_tweepy already exists here.
[0m01:08:40.002277 [debug] [MainThread]: Sending event: {'category': 'dbt', 'action': 'invocation', 'label': 'end', 'context': [<snowplow_tracker.self_describing_json.SelfDescribingJson object at 0x7fe94107f4f0>, <snowplow_tracker.self_describing_json.SelfDescribingJson object at 0x7fe94107f490>, <snowplow_tracker.self_describing_json.SelfDescribingJson object at 0x7fe94107f850>]}
[0m01:08:40.002641 [debug] [MainThread]: Flushing usage events


============================== 2023-04-26 01:08:51.769355 | 52f28961-d813-4098-984f-145738f49df9 ==============================
[0m01:08:51.769355 [info ] [MainThread]: Running with dbt=1.4.6
[0m01:08:51.772088 [debug] [MainThread]: running dbt with arguments {'write_json': True, 'use_colors': True, 'printer_width': 80, 'version_check': True, 'partial_parse': True, 'static_parser': True, 'profiles_dir': '/root/.dbt', 'send_anonymous_usage_stats': True, 'quiet': False, 'no_print': False, 'cache_selected_only': False, 'config_dir': False, 'which': 'debug', 'indirect_selection': 'eager'}
[0m01:08:51.772471 [debug] [MainThread]: Tracking: tracking
[0m01:08:51.774830 [debug] [MainThread]: Sending event: {'category': 'dbt', 'action': 'invocation', 'label': 'start', 'context': [<snowplow_tracker.self_describing_json.SelfDescribingJson object at 0x7f3d78a77a60>, <snowplow_tracker.self_describing_json.SelfDescribingJson object at 0x7f3d78a76da0>, <snowplow_tracker.self_describing_json.SelfDescribingJson object at 0x7f3d78a77ac0>]}
[0m01:08:51.775717 [debug] [MainThread]: Executing "git --help"
[0m01:08:51.778229 [debug] [MainThread]: STDOUT: "b"usage: git [-v | --version] [-h | --help] [-C <path>] [-c <name>=<value>]\n           [--exec-path[=<path>]] [--html-path] [--man-path] [--info-path]\n           [-p | --paginate | -P | --no-pager] [--no-replace-objects] [--bare]\n           [--git-dir=<path>] [--work-tree=<path>] [--namespace=<name>]\n           [--super-prefix=<path>] [--config-env=<name>=<envvar>]\n           <command> [<args>]\n\nThese are common Git commands used in various situations:\n\nstart a working area (see also: git help tutorial)\n   clone     Clone a repository into a new directory\n   init      Create an empty Git repository or reinitialize an existing one\n\nwork on the current change (see also: git help everyday)\n   add       Add file contents to the index\n   mv        Move or rename a file, a directory, or a symlink\n   restore   Restore working tree files\n   rm        Remove files from the working tree and from the index\n\nexamine the history and state (see also: git help revisions)\n   bisect    Use binary search to find the commit that introduced a bug\n   diff      Show changes between commits, commit and working tree, etc\n   grep      Print lines matching a pattern\n   log       Show commit logs\n   show      Show various types of objects\n   status    Show the working tree status\n\ngrow, mark and tweak your common history\n   branch    List, create, or delete branches\n   commit    Record changes to the repository\n   merge     Join two or more development histories together\n   rebase    Reapply commits on top of another base tip\n   reset     Reset current HEAD to the specified state\n   switch    Switch branches\n   tag       Create, list, delete or verify a tag object signed with GPG\n\ncollaborate (see also: git help workflows)\n   fetch     Download objects and refs from another repository\n   pull      Fetch from and integrate with another repository or a local branch\n   push      Update remote refs along with associated objects\n\n'git help -a' and 'git help -g' list available subcommands and some\nconcept guides. See 'git help <command>' or 'git help <concept>'\nto read about a specific subcommand or concept.\nSee 'git help git' for an overview of the system.\n""
[0m01:08:51.778593 [debug] [MainThread]: STDERR: "b''"
[0m01:08:51.779122 [debug] [MainThread]: Sending event: {'category': 'dbt', 'action': 'invocation', 'label': 'end', 'context': [<snowplow_tracker.self_describing_json.SelfDescribingJson object at 0x7f3d78a77a60>, <snowplow_tracker.self_describing_json.SelfDescribingJson object at 0x7f3d78a77ac0>, <snowplow_tracker.self_describing_json.SelfDescribingJson object at 0x7f3d78a77430>]}
[0m01:08:51.779565 [debug] [MainThread]: Flushing usage events
